2018-05-22 19:37:25,160 [localhost-startStop-1] ERROR Failed to initialize Lasta Di.
org.lastaflute.di.exception.ContainerInitFailureException: Look! Read the message below.
/* * * * * * * * * * * * * * * * * * * * * * * * * * * * * * * * * *
Failed to initialize the container.

[Path]
esclient.xml

[Namespace]
null

[Included by]
esflute_config.xml
esflute_user.xml
esflute_log.xml
* * * * * * * * * */
	at org.lastaflute.di.core.meta.impl.LaContainerImpl.throwContainerInitFailureException(LaContainerImpl.java:463) ~[lasta-di-0.7.5.jar:?]
	at org.lastaflute.di.core.meta.impl.LaContainerImpl.init(LaContainerImpl.java:415) ~[lasta-di-0.7.5.jar:?]
	at org.lastaflute.di.core.meta.impl.LaContainerImpl.doInit(LaContainerImpl.java:431) ~[lasta-di-0.7.5.jar:?]
	at org.lastaflute.di.core.meta.impl.LaContainerImpl.init(LaContainerImpl.java:413) ~[lasta-di-0.7.5.jar:?]
	at org.lastaflute.di.core.meta.impl.LaContainerImpl.doInit(LaContainerImpl.java:431) ~[lasta-di-0.7.5.jar:?]
	at org.lastaflute.di.core.meta.impl.LaContainerImpl.init(LaContainerImpl.java:413) ~[lasta-di-0.7.5.jar:?]
	at org.lastaflute.di.core.meta.impl.LaContainerImpl.doInit(LaContainerImpl.java:431) ~[lasta-di-0.7.5.jar:?]
	at org.lastaflute.di.core.meta.impl.LaContainerImpl.init(LaContainerImpl.java:413) ~[lasta-di-0.7.5.jar:?]
	at org.lastaflute.di.core.factory.SingletonLaContainerFactory.init(SingletonLaContainerFactory.java:66) ~[lasta-di-0.7.5.jar:?]
	at org.lastaflute.web.container.WebLastaContainerInitializer.doInitContainer(WebLastaContainerInitializer.java:81) ~[lastaflute-1.0.4.jar:?]
	at org.lastaflute.web.container.WebLastaContainerInitializer.initialize(WebLastaContainerInitializer.java:45) ~[lastaflute-1.0.4.jar:?]
	at org.lastaflute.web.servlet.filter.LastaPrepareFilter.initializeContainer(LastaPrepareFilter.java:136) [lastaflute-1.0.4.jar:?]
	at org.lastaflute.web.servlet.filter.LastaPrepareFilter.init(LastaPrepareFilter.java:94) [lastaflute-1.0.4.jar:?]
	at org.apache.catalina.core.ApplicationFilterConfig.initFilter(ApplicationFilterConfig.java:285) [classes/:?]
	at org.apache.catalina.core.ApplicationFilterConfig.getFilter(ApplicationFilterConfig.java:266) [classes/:?]
	at org.apache.catalina.core.ApplicationFilterConfig.<init>(ApplicationFilterConfig.java:108) [classes/:?]
	at org.apache.catalina.core.StandardContext.filterStart(StandardContext.java:4591) [classes/:?]
	at org.apache.catalina.core.StandardContext.startInternal(StandardContext.java:5233) [classes/:?]
	at org.apache.catalina.util.LifecycleBase.start(LifecycleBase.java:150) [classes/:?]
	at org.apache.catalina.core.ContainerBase$StartChild.call(ContainerBase.java:1419) [classes/:?]
	at org.apache.catalina.core.ContainerBase$StartChild.call(ContainerBase.java:1409) [classes/:?]
	at java.util.concurrent.FutureTask.run(FutureTask.java:266) [?:1.8.0_171]
	at java.util.concurrent.ThreadPoolExecutor.runWorker(ThreadPoolExecutor.java:1149) [?:1.8.0_171]
	at java.util.concurrent.ThreadPoolExecutor$Worker.run(ThreadPoolExecutor.java:624) [?:1.8.0_171]
	at java.lang.Thread.run(Thread.java:748) [?:1.8.0_171]
Caused by: org.lastaflute.di.core.exception.IllegalMethodRuntimeException: [ESSR0060]Can not configure method(open) of org.codelibs.fess.es.client.FessEsClient, because org.lastaflute.di.exception.ContainerInitFailureException: Elasticsearch (elasticsearch:9300) is not available. Check the state of your Elasticsearch cluster (elasticsearch).
	at org.lastaflute.di.core.assembler.AbstractMethodAssembler.invoke(AbstractMethodAssembler.java:61) ~[lasta-di-0.7.5.jar:?]
	at org.lastaflute.di.core.assembler.DefaultInitMethodAssembler.assemble(DefaultInitMethodAssembler.java:40) ~[lasta-di-0.7.5.jar:?]
	at org.lastaflute.di.core.deployer.SingletonComponentDeployer.assemble(SingletonComponentDeployer.java:57) ~[lasta-di-0.7.5.jar:?]
	at org.lastaflute.di.core.deployer.SingletonComponentDeployer.deploy(SingletonComponentDeployer.java:41) ~[lasta-di-0.7.5.jar:?]
	at org.lastaflute.di.core.deployer.SingletonComponentDeployer.init(SingletonComponentDeployer.java:35) ~[lasta-di-0.7.5.jar:?]
	at org.lastaflute.di.core.meta.impl.ComponentDefImpl.init(ComponentDefImpl.java:85) ~[lasta-di-0.7.5.jar:?]
	at org.lastaflute.di.core.meta.impl.LaContainerImpl.doInit(LaContainerImpl.java:434) ~[lasta-di-0.7.5.jar:?]
	at org.lastaflute.di.core.meta.impl.LaContainerImpl.init(LaContainerImpl.java:413) ~[lasta-di-0.7.5.jar:?]
	... 23 more
Caused by: org.lastaflute.di.exception.ContainerInitFailureException: Elasticsearch (elasticsearch:9300) is not available. Check the state of your Elasticsearch cluster (elasticsearch).
	at org.codelibs.fess.es.client.FessEsClient.waitForYellowStatus(FessEsClient.java:623) ~[classes/:?]
	at org.codelibs.fess.es.client.FessEsClient.open(FessEsClient.java:293) ~[classes/:?]
	at sun.reflect.NativeMethodAccessorImpl.invoke0(Native Method) ~[?:1.8.0_171]
	at sun.reflect.NativeMethodAccessorImpl.invoke(NativeMethodAccessorImpl.java:62) ~[?:1.8.0_171]
	at sun.reflect.DelegatingMethodAccessorImpl.invoke(DelegatingMethodAccessorImpl.java:43) ~[?:1.8.0_171]
	at java.lang.reflect.Method.invoke(Method.java:498) ~[?:1.8.0_171]
	at org.lastaflute.di.util.LdiMethodUtil.invoke(LdiMethodUtil.java:49) ~[lasta-di-0.7.5.jar:?]
	at org.lastaflute.di.core.assembler.AbstractMethodAssembler.invoke(AbstractMethodAssembler.java:59) ~[lasta-di-0.7.5.jar:?]
	at org.lastaflute.di.core.assembler.DefaultInitMethodAssembler.assemble(DefaultInitMethodAssembler.java:40) ~[lasta-di-0.7.5.jar:?]
	at org.lastaflute.di.core.deployer.SingletonComponentDeployer.assemble(SingletonComponentDeployer.java:57) ~[lasta-di-0.7.5.jar:?]
	at org.lastaflute.di.core.deployer.SingletonComponentDeployer.deploy(SingletonComponentDeployer.java:41) ~[lasta-di-0.7.5.jar:?]
	at org.lastaflute.di.core.deployer.SingletonComponentDeployer.init(SingletonComponentDeployer.java:35) ~[lasta-di-0.7.5.jar:?]
	at org.lastaflute.di.core.meta.impl.ComponentDefImpl.init(ComponentDefImpl.java:85) ~[lasta-di-0.7.5.jar:?]
	at org.lastaflute.di.core.meta.impl.LaContainerImpl.doInit(LaContainerImpl.java:434) ~[lasta-di-0.7.5.jar:?]
	at org.lastaflute.di.core.meta.impl.LaContainerImpl.init(LaContainerImpl.java:413) ~[lasta-di-0.7.5.jar:?]
	... 23 more
Caused by: org.elasticsearch.client.transport.NoNodeAvailableException: None of the configured nodes are available: [{#transport#-1}{Ihg5CMu6Sz2OnPyFJoeiLg}{elasticsearch}{172.19.0.2:9300}]
	at org.elasticsearch.client.transport.TransportClientNodesService.ensureNodesAreAvailable(TransportClientNodesService.java:347) ~[elasticsearch-6.2.4.jar:6.2.4]
	at org.elasticsearch.client.transport.TransportClientNodesService.execute(TransportClientNodesService.java:245) ~[elasticsearch-6.2.4.jar:6.2.4]
	at org.elasticsearch.client.transport.TransportProxyClient.execute(TransportProxyClient.java:60) ~[elasticsearch-6.2.4.jar:6.2.4]
	at org.elasticsearch.client.transport.TransportClient.doExecute(TransportClient.java:371) ~[elasticsearch-6.2.4.jar:6.2.4]
	at org.elasticsearch.client.support.AbstractClient.execute(AbstractClient.java:405) ~[elasticsearch-6.2.4.jar:6.2.4]
	at org.elasticsearch.client.support.AbstractClient.execute(AbstractClient.java:394) ~[elasticsearch-6.2.4.jar:6.2.4]
	at org.elasticsearch.client.support.AbstractClient$ClusterAdmin.execute(AbstractClient.java:706) ~[elasticsearch-6.2.4.jar:6.2.4]
	at org.elasticsearch.action.ActionRequestBuilder.execute(ActionRequestBuilder.java:46) ~[elasticsearch-6.2.4.jar:6.2.4]
	at org.codelibs.fess.es.client.FessEsClient.waitForYellowStatus(FessEsClient.java:601) ~[classes/:?]
	at org.codelibs.fess.es.client.FessEsClient.open(FessEsClient.java:293) ~[classes/:?]
	at sun.reflect.NativeMethodAccessorImpl.invoke0(Native Method) ~[?:1.8.0_171]
	at sun.reflect.NativeMethodAccessorImpl.invoke(NativeMethodAccessorImpl.java:62) ~[?:1.8.0_171]
	at sun.reflect.DelegatingMethodAccessorImpl.invoke(DelegatingMethodAccessorImpl.java:43) ~[?:1.8.0_171]
	at java.lang.reflect.Method.invoke(Method.java:498) ~[?:1.8.0_171]
	at org.lastaflute.di.util.LdiMethodUtil.invoke(LdiMethodUtil.java:49) ~[lasta-di-0.7.5.jar:?]
	at org.lastaflute.di.core.assembler.AbstractMethodAssembler.invoke(AbstractMethodAssembler.java:59) ~[lasta-di-0.7.5.jar:?]
	at org.lastaflute.di.core.assembler.DefaultInitMethodAssembler.assemble(DefaultInitMethodAssembler.java:40) ~[lasta-di-0.7.5.jar:?]
	at org.lastaflute.di.core.deployer.SingletonComponentDeployer.assemble(SingletonComponentDeployer.java:57) ~[lasta-di-0.7.5.jar:?]
	at org.lastaflute.di.core.deployer.SingletonComponentDeployer.deploy(SingletonComponentDeployer.java:41) ~[lasta-di-0.7.5.jar:?]
	at org.lastaflute.di.core.deployer.SingletonComponentDeployer.init(SingletonComponentDeployer.java:35) ~[lasta-di-0.7.5.jar:?]
	at org.lastaflute.di.core.meta.impl.ComponentDefImpl.init(ComponentDefImpl.java:85) ~[lasta-di-0.7.5.jar:?]
	at org.lastaflute.di.core.meta.impl.LaContainerImpl.doInit(LaContainerImpl.java:434) ~[lasta-di-0.7.5.jar:?]
	at org.lastaflute.di.core.meta.impl.LaContainerImpl.init(LaContainerImpl.java:413) ~[lasta-di-0.7.5.jar:?]
	... 23 more
2018-05-22 19:37:54,652 [elasticsearch[_client_][transport_client_boss][T#3]] WARN  An exception was thrown by io.netty.channel.ChannelFutureListener$2.operationComplete()
java.lang.NoClassDefFoundError: io/netty/util/internal/PromiseNotificationUtil
	at io.netty.channel.AbstractChannelHandlerContext.notifyOutboundHandlerException(AbstractChannelHandlerContext.java:837) ~[netty-transport-4.1.16.Final.jar:4.1.16.Final]
	at io.netty.channel.AbstractChannelHandlerContext.invokeClose(AbstractChannelHandlerContext.java:626) ~[netty-transport-4.1.16.Final.jar:4.1.16.Final]
	at io.netty.channel.AbstractChannelHandlerContext.close(AbstractChannelHandlerContext.java:608) ~[netty-transport-4.1.16.Final.jar:4.1.16.Final]
	at io.netty.channel.AbstractChannelHandlerContext.close(AbstractChannelHandlerContext.java:465) ~[netty-transport-4.1.16.Final.jar:4.1.16.Final]
	at io.netty.channel.DefaultChannelPipeline.close(DefaultChannelPipeline.java:973) ~[netty-transport-4.1.16.Final.jar:4.1.16.Final]
	at io.netty.channel.AbstractChannel.close(AbstractChannel.java:238) ~[netty-transport-4.1.16.Final.jar:4.1.16.Final]
	at io.netty.channel.ChannelFutureListener$2.operationComplete(ChannelFutureListener.java:56) ~[netty-transport-4.1.16.Final.jar:4.1.16.Final]
	at io.netty.channel.ChannelFutureListener$2.operationComplete(ChannelFutureListener.java:52) ~[netty-transport-4.1.16.Final.jar:4.1.16.Final]
	at io.netty.util.concurrent.DefaultPromise.notifyListener0(DefaultPromise.java:507) [netty-common-4.1.16.Final.jar:4.1.16.Final]
	at io.netty.util.concurrent.DefaultPromise.notifyListeners0(DefaultPromise.java:500) [netty-common-4.1.16.Final.jar:4.1.16.Final]
	at io.netty.util.concurrent.DefaultPromise.notifyListenersNow(DefaultPromise.java:479) [netty-common-4.1.16.Final.jar:4.1.16.Final]
	at io.netty.util.concurrent.DefaultPromise.notifyListeners(DefaultPromise.java:420) [netty-common-4.1.16.Final.jar:4.1.16.Final]
	at io.netty.util.concurrent.DefaultPromise.tryFailure(DefaultPromise.java:122) [netty-common-4.1.16.Final.jar:4.1.16.Final]
	at io.netty.channel.nio.AbstractNioChannel.doClose(AbstractNioChannel.java:509) [netty-transport-4.1.16.Final.jar:4.1.16.Final]
	at io.netty.channel.socket.nio.NioSocketChannel.doClose(NioSocketChannel.java:335) [netty-transport-4.1.16.Final.jar:4.1.16.Final]
	at io.netty.channel.AbstractChannel$AbstractUnsafe.doClose0(AbstractChannel.java:763) [netty-transport-4.1.16.Final.jar:4.1.16.Final]
	at io.netty.channel.AbstractChannel$AbstractUnsafe.close(AbstractChannel.java:740) [netty-transport-4.1.16.Final.jar:4.1.16.Final]
	at io.netty.channel.AbstractChannel$AbstractUnsafe.close(AbstractChannel.java:611) [netty-transport-4.1.16.Final.jar:4.1.16.Final]
	at io.netty.channel.DefaultChannelPipeline$HeadContext.close(DefaultChannelPipeline.java:1301) [netty-transport-4.1.16.Final.jar:4.1.16.Final]
	at io.netty.channel.AbstractChannelHandlerContext.invokeClose(AbstractChannelHandlerContext.java:624) [netty-transport-4.1.16.Final.jar:4.1.16.Final]
	at io.netty.channel.AbstractChannelHandlerContext.close(AbstractChannelHandlerContext.java:608) [netty-transport-4.1.16.Final.jar:4.1.16.Final]
	at io.netty.handler.logging.LoggingHandler.close(LoggingHandler.java:217) [netty-handler-4.1.16.Final.jar:4.1.16.Final]
	at io.netty.channel.AbstractChannelHandlerContext.invokeClose(AbstractChannelHandlerContext.java:624) [netty-transport-4.1.16.Final.jar:4.1.16.Final]
	at io.netty.channel.AbstractChannelHandlerContext.close(AbstractChannelHandlerContext.java:608) [netty-transport-4.1.16.Final.jar:4.1.16.Final]
	at io.netty.channel.ChannelDuplexHandler.close(ChannelDuplexHandler.java:73) [netty-transport-4.1.16.Final.jar:4.1.16.Final]
	at io.netty.channel.AbstractChannelHandlerContext.invokeClose(AbstractChannelHandlerContext.java:624) [netty-transport-4.1.16.Final.jar:4.1.16.Final]
	at io.netty.channel.AbstractChannelHandlerContext.access$1100(AbstractChannelHandlerContext.java:38) [netty-transport-4.1.16.Final.jar:4.1.16.Final]
	at io.netty.channel.AbstractChannelHandlerContext$13.run(AbstractChannelHandlerContext.java:613) [netty-transport-4.1.16.Final.jar:4.1.16.Final]
	at io.netty.util.concurrent.AbstractEventExecutor.safeExecute(AbstractEventExecutor.java:163) [netty-common-4.1.16.Final.jar:4.1.16.Final]
	at io.netty.util.concurrent.SingleThreadEventExecutor.runAllTasks(SingleThreadEventExecutor.java:403) [netty-common-4.1.16.Final.jar:4.1.16.Final]
	at io.netty.channel.nio.NioEventLoop.run(NioEventLoop.java:463) [netty-transport-4.1.16.Final.jar:4.1.16.Final]
	at io.netty.util.concurrent.SingleThreadEventExecutor$5.run(SingleThreadEventExecutor.java:858) [netty-common-4.1.16.Final.jar:4.1.16.Final]
	at java.lang.Thread.run(Thread.java:748) [?:1.8.0_171]
2018-05-22 19:39:48,309 [elasticsearch[_client_][transport_client_boss][T#4]] WARN  An exception was thrown by io.netty.channel.ChannelFutureListener$2.operationComplete()
java.lang.NoClassDefFoundError: io/netty/util/internal/PromiseNotificationUtil
	at io.netty.channel.AbstractChannelHandlerContext.notifyOutboundHandlerException(AbstractChannelHandlerContext.java:837) ~[netty-transport-4.1.16.Final.jar:4.1.16.Final]
	at io.netty.channel.AbstractChannelHandlerContext.invokeClose(AbstractChannelHandlerContext.java:626) ~[netty-transport-4.1.16.Final.jar:4.1.16.Final]
	at io.netty.channel.AbstractChannelHandlerContext.close(AbstractChannelHandlerContext.java:608) ~[netty-transport-4.1.16.Final.jar:4.1.16.Final]
	at io.netty.channel.AbstractChannelHandlerContext.close(AbstractChannelHandlerContext.java:465) ~[netty-transport-4.1.16.Final.jar:4.1.16.Final]
	at io.netty.channel.DefaultChannelPipeline.close(DefaultChannelPipeline.java:973) ~[netty-transport-4.1.16.Final.jar:4.1.16.Final]
	at io.netty.channel.AbstractChannel.close(AbstractChannel.java:238) ~[netty-transport-4.1.16.Final.jar:4.1.16.Final]
	at io.netty.channel.ChannelFutureListener$2.operationComplete(ChannelFutureListener.java:56) ~[netty-transport-4.1.16.Final.jar:4.1.16.Final]
	at io.netty.channel.ChannelFutureListener$2.operationComplete(ChannelFutureListener.java:52) ~[netty-transport-4.1.16.Final.jar:4.1.16.Final]
	at io.netty.util.concurrent.DefaultPromise.notifyListener0(DefaultPromise.java:507) [netty-common-4.1.16.Final.jar:4.1.16.Final]
	at io.netty.util.concurrent.DefaultPromise.notifyListeners0(DefaultPromise.java:500) [netty-common-4.1.16.Final.jar:4.1.16.Final]
	at io.netty.util.concurrent.DefaultPromise.notifyListenersNow(DefaultPromise.java:479) [netty-common-4.1.16.Final.jar:4.1.16.Final]
	at io.netty.util.concurrent.DefaultPromise.notifyListeners(DefaultPromise.java:420) [netty-common-4.1.16.Final.jar:4.1.16.Final]
	at io.netty.util.concurrent.DefaultPromise.tryFailure(DefaultPromise.java:122) [netty-common-4.1.16.Final.jar:4.1.16.Final]
	at io.netty.channel.nio.AbstractNioChannel.doClose(AbstractNioChannel.java:509) [netty-transport-4.1.16.Final.jar:4.1.16.Final]
	at io.netty.channel.socket.nio.NioSocketChannel.doClose(NioSocketChannel.java:335) [netty-transport-4.1.16.Final.jar:4.1.16.Final]
	at io.netty.channel.AbstractChannel$AbstractUnsafe.doClose0(AbstractChannel.java:763) [netty-transport-4.1.16.Final.jar:4.1.16.Final]
	at io.netty.channel.AbstractChannel$AbstractUnsafe.close(AbstractChannel.java:740) [netty-transport-4.1.16.Final.jar:4.1.16.Final]
	at io.netty.channel.AbstractChannel$AbstractUnsafe.close(AbstractChannel.java:611) [netty-transport-4.1.16.Final.jar:4.1.16.Final]
	at io.netty.channel.DefaultChannelPipeline$HeadContext.close(DefaultChannelPipeline.java:1301) [netty-transport-4.1.16.Final.jar:4.1.16.Final]
	at io.netty.channel.AbstractChannelHandlerContext.invokeClose(AbstractChannelHandlerContext.java:624) [netty-transport-4.1.16.Final.jar:4.1.16.Final]
	at io.netty.channel.AbstractChannelHandlerContext.close(AbstractChannelHandlerContext.java:608) [netty-transport-4.1.16.Final.jar:4.1.16.Final]
	at io.netty.handler.logging.LoggingHandler.close(LoggingHandler.java:217) [netty-handler-4.1.16.Final.jar:4.1.16.Final]
	at io.netty.channel.AbstractChannelHandlerContext.invokeClose(AbstractChannelHandlerContext.java:624) [netty-transport-4.1.16.Final.jar:4.1.16.Final]
	at io.netty.channel.AbstractChannelHandlerContext.close(AbstractChannelHandlerContext.java:608) [netty-transport-4.1.16.Final.jar:4.1.16.Final]
	at io.netty.channel.ChannelDuplexHandler.close(ChannelDuplexHandler.java:73) [netty-transport-4.1.16.Final.jar:4.1.16.Final]
	at io.netty.channel.AbstractChannelHandlerContext.invokeClose(AbstractChannelHandlerContext.java:624) [netty-transport-4.1.16.Final.jar:4.1.16.Final]
	at io.netty.channel.AbstractChannelHandlerContext.access$1100(AbstractChannelHandlerContext.java:38) [netty-transport-4.1.16.Final.jar:4.1.16.Final]
	at io.netty.channel.AbstractChannelHandlerContext$13.run(AbstractChannelHandlerContext.java:613) [netty-transport-4.1.16.Final.jar:4.1.16.Final]
	at io.netty.util.concurrent.AbstractEventExecutor.safeExecute(AbstractEventExecutor.java:163) [netty-common-4.1.16.Final.jar:4.1.16.Final]
	at io.netty.util.concurrent.SingleThreadEventExecutor.runAllTasks(SingleThreadEventExecutor.java:403) [netty-common-4.1.16.Final.jar:4.1.16.Final]
	at io.netty.channel.nio.NioEventLoop.run(NioEventLoop.java:463) [netty-transport-4.1.16.Final.jar:4.1.16.Final]
	at io.netty.util.concurrent.SingleThreadEventExecutor$5.run(SingleThreadEventExecutor.java:858) [netty-common-4.1.16.Final.jar:4.1.16.Final]
	at java.lang.Thread.run(Thread.java:748) [?:1.8.0_171]
2018-05-22 19:41:51,435 [elasticsearch[_client_][transport_client_boss][T#6]] WARN  An exception was thrown by io.netty.channel.ChannelFutureListener$2.operationComplete()
java.lang.NoClassDefFoundError: io/netty/util/internal/PromiseNotificationUtil
	at io.netty.channel.AbstractChannelHandlerContext.notifyOutboundHandlerException(AbstractChannelHandlerContext.java:837) ~[netty-transport-4.1.16.Final.jar:4.1.16.Final]
	at io.netty.channel.AbstractChannelHandlerContext.invokeClose(AbstractChannelHandlerContext.java:626) ~[netty-transport-4.1.16.Final.jar:4.1.16.Final]
	at io.netty.channel.AbstractChannelHandlerContext.close(AbstractChannelHandlerContext.java:608) ~[netty-transport-4.1.16.Final.jar:4.1.16.Final]
	at io.netty.channel.AbstractChannelHandlerContext.close(AbstractChannelHandlerContext.java:465) ~[netty-transport-4.1.16.Final.jar:4.1.16.Final]
	at io.netty.channel.DefaultChannelPipeline.close(DefaultChannelPipeline.java:973) ~[netty-transport-4.1.16.Final.jar:4.1.16.Final]
	at io.netty.channel.AbstractChannel.close(AbstractChannel.java:238) ~[netty-transport-4.1.16.Final.jar:4.1.16.Final]
	at io.netty.channel.ChannelFutureListener$2.operationComplete(ChannelFutureListener.java:56) ~[netty-transport-4.1.16.Final.jar:4.1.16.Final]
	at io.netty.channel.ChannelFutureListener$2.operationComplete(ChannelFutureListener.java:52) ~[netty-transport-4.1.16.Final.jar:4.1.16.Final]
	at io.netty.util.concurrent.DefaultPromise.notifyListener0(DefaultPromise.java:507) [netty-common-4.1.16.Final.jar:4.1.16.Final]
	at io.netty.util.concurrent.DefaultPromise.notifyListeners0(DefaultPromise.java:500) [netty-common-4.1.16.Final.jar:4.1.16.Final]
	at io.netty.util.concurrent.DefaultPromise.notifyListenersNow(DefaultPromise.java:479) [netty-common-4.1.16.Final.jar:4.1.16.Final]
	at io.netty.util.concurrent.DefaultPromise.notifyListeners(DefaultPromise.java:420) [netty-common-4.1.16.Final.jar:4.1.16.Final]
	at io.netty.util.concurrent.DefaultPromise.tryFailure(DefaultPromise.java:122) [netty-common-4.1.16.Final.jar:4.1.16.Final]
	at io.netty.channel.nio.AbstractNioChannel.doClose(AbstractNioChannel.java:509) [netty-transport-4.1.16.Final.jar:4.1.16.Final]
	at io.netty.channel.socket.nio.NioSocketChannel.doClose(NioSocketChannel.java:335) [netty-transport-4.1.16.Final.jar:4.1.16.Final]
	at io.netty.channel.AbstractChannel$AbstractUnsafe.doClose0(AbstractChannel.java:763) [netty-transport-4.1.16.Final.jar:4.1.16.Final]
	at io.netty.channel.AbstractChannel$AbstractUnsafe.close(AbstractChannel.java:740) [netty-transport-4.1.16.Final.jar:4.1.16.Final]
	at io.netty.channel.AbstractChannel$AbstractUnsafe.close(AbstractChannel.java:611) [netty-transport-4.1.16.Final.jar:4.1.16.Final]
	at io.netty.channel.DefaultChannelPipeline$HeadContext.close(DefaultChannelPipeline.java:1301) [netty-transport-4.1.16.Final.jar:4.1.16.Final]
	at io.netty.channel.AbstractChannelHandlerContext.invokeClose(AbstractChannelHandlerContext.java:624) [netty-transport-4.1.16.Final.jar:4.1.16.Final]
	at io.netty.channel.AbstractChannelHandlerContext.close(AbstractChannelHandlerContext.java:608) [netty-transport-4.1.16.Final.jar:4.1.16.Final]
	at io.netty.handler.logging.LoggingHandler.close(LoggingHandler.java:217) [netty-handler-4.1.16.Final.jar:4.1.16.Final]
	at io.netty.channel.AbstractChannelHandlerContext.invokeClose(AbstractChannelHandlerContext.java:624) [netty-transport-4.1.16.Final.jar:4.1.16.Final]
	at io.netty.channel.AbstractChannelHandlerContext.close(AbstractChannelHandlerContext.java:608) [netty-transport-4.1.16.Final.jar:4.1.16.Final]
	at io.netty.channel.ChannelDuplexHandler.close(ChannelDuplexHandler.java:73) [netty-transport-4.1.16.Final.jar:4.1.16.Final]
	at io.netty.channel.AbstractChannelHandlerContext.invokeClose(AbstractChannelHandlerContext.java:624) [netty-transport-4.1.16.Final.jar:4.1.16.Final]
	at io.netty.channel.AbstractChannelHandlerContext.access$1100(AbstractChannelHandlerContext.java:38) [netty-transport-4.1.16.Final.jar:4.1.16.Final]
	at io.netty.channel.AbstractChannelHandlerContext$13.run(AbstractChannelHandlerContext.java:613) [netty-transport-4.1.16.Final.jar:4.1.16.Final]
	at io.netty.util.concurrent.AbstractEventExecutor.safeExecute(AbstractEventExecutor.java:163) [netty-common-4.1.16.Final.jar:4.1.16.Final]
	at io.netty.util.concurrent.SingleThreadEventExecutor.runAllTasks(SingleThreadEventExecutor.java:403) [netty-common-4.1.16.Final.jar:4.1.16.Final]
	at io.netty.channel.nio.NioEventLoop.run(NioEventLoop.java:463) [netty-transport-4.1.16.Final.jar:4.1.16.Final]
	at io.netty.util.concurrent.SingleThreadEventExecutor$5.run(SingleThreadEventExecutor.java:858) [netty-common-4.1.16.Final.jar:4.1.16.Final]
	at java.lang.Thread.run(Thread.java:748) [?:1.8.0_171]
