May 21, 2018 7:53:17 PM org.dbflute.tomcat.logging.BootLogger info
INFO: ...Booting the Tomcat: port=8080 contextPath=
May 21, 2018 7:53:17 PM org.dbflute.tomcat.logging.BootLogger info
INFO: ...Reflecting configuration to server: config=[tomcat_config.properties]
May 21, 2018 7:53:17 PM org.dbflute.tomcat.logging.BootLogger info
INFO:  tomcat.URIEncoding = UTF-8
May 21, 2018 7:53:17 PM org.dbflute.tomcat.logging.BootLogger info
INFO:  tomcat.useBodyEncodingForURI = true
May 21, 2018 7:53:18 PM org.apache.coyote.AbstractProtocol init
INFO: Initializing ProtocolHandler ["http-nio-8080"]
May 21, 2018 7:53:18 PM org.apache.tomcat.util.net.NioSelectorPool getSharedSelector
INFO: Using a shared selector for servlet write/read
May 21, 2018 7:53:18 PM org.apache.catalina.core.StandardService startInternal
INFO: Starting service [Tomcat]
May 21, 2018 7:53:18 PM org.apache.catalina.core.StandardEngine startInternal
INFO: Starting Servlet Engine: Apache Tomcat/8.5.23
May 21, 2018 7:53:18 PM org.dbflute.tomcat.logging.BootLogger info
INFO: ...Initializing webapp of default web.xml with JSP (the servlet found)
May 21, 2018 7:53:18 PM org.apache.catalina.startup.ContextConfig getDefaultWebXmlFragment
INFO: No global web.xml found
May 21, 2018 7:53:19 PM org.apache.jasper.servlet.TldScanner scanJars
INFO: At least one JAR was scanned for TLDs yet contained no TLDs. Enable debug logging for this logger for a complete list of JARs that were scanned but no TLDs were found in them. Skipping unneeded JARs during scanning can improve startup time and JSP compilation time.
May 21, 2018 7:53:37 PM org.apache.catalina.core.StandardContext filterStart
SEVERE: Exception starting filter [lastaPrepareFilter]
org.lastaflute.di.exception.ContainerInitFailureException: Look! Read the message below.
/* * * * * * * * * * * * * * * * * * * * * * * * * * * * * * * * * *
Failed to initialize the container.

[Path]
esclient.xml

[Namespace]
null

[Included by]
esflute_config.xml
esflute_user.xml
esflute_log.xml
* * * * * * * * * */
	at org.lastaflute.di.core.meta.impl.LaContainerImpl.throwContainerInitFailureException(LaContainerImpl.java:463)
	at org.lastaflute.di.core.meta.impl.LaContainerImpl.init(LaContainerImpl.java:415)
	at org.lastaflute.di.core.meta.impl.LaContainerImpl.doInit(LaContainerImpl.java:431)
	at org.lastaflute.di.core.meta.impl.LaContainerImpl.init(LaContainerImpl.java:413)
	at org.lastaflute.di.core.meta.impl.LaContainerImpl.doInit(LaContainerImpl.java:431)
	at org.lastaflute.di.core.meta.impl.LaContainerImpl.init(LaContainerImpl.java:413)
	at org.lastaflute.di.core.meta.impl.LaContainerImpl.doInit(LaContainerImpl.java:431)
	at org.lastaflute.di.core.meta.impl.LaContainerImpl.init(LaContainerImpl.java:413)
	at org.lastaflute.di.core.factory.SingletonLaContainerFactory.init(SingletonLaContainerFactory.java:66)
	at org.lastaflute.web.container.WebLastaContainerInitializer.doInitContainer(WebLastaContainerInitializer.java:81)
	at org.lastaflute.web.container.WebLastaContainerInitializer.initialize(WebLastaContainerInitializer.java:45)
	at org.lastaflute.web.servlet.filter.LastaPrepareFilter.initializeContainer(LastaPrepareFilter.java:136)
	at org.lastaflute.web.servlet.filter.LastaPrepareFilter.init(LastaPrepareFilter.java:94)
	at org.apache.catalina.core.ApplicationFilterConfig.initFilter(ApplicationFilterConfig.java:285)
	at org.apache.catalina.core.ApplicationFilterConfig.getFilter(ApplicationFilterConfig.java:266)
	at org.apache.catalina.core.ApplicationFilterConfig.<init>(ApplicationFilterConfig.java:108)
	at org.apache.catalina.core.StandardContext.filterStart(StandardContext.java:4591)
	at org.apache.catalina.core.StandardContext.startInternal(StandardContext.java:5233)
	at org.apache.catalina.util.LifecycleBase.start(LifecycleBase.java:150)
	at org.apache.catalina.core.ContainerBase$StartChild.call(ContainerBase.java:1419)
	at org.apache.catalina.core.ContainerBase$StartChild.call(ContainerBase.java:1409)
	at java.util.concurrent.FutureTask.run(FutureTask.java:266)
	at java.util.concurrent.ThreadPoolExecutor.runWorker(ThreadPoolExecutor.java:1149)
	at java.util.concurrent.ThreadPoolExecutor$Worker.run(ThreadPoolExecutor.java:624)
	at java.lang.Thread.run(Thread.java:748)
Caused by: org.lastaflute.di.core.exception.IllegalMethodRuntimeException: [ESSR0060]Can not configure method(open) of org.codelibs.fess.es.client.FessEsClient, because org.lastaflute.di.exception.ContainerInitFailureException: Elasticsearch (elasticsearch:9300) is not available. Check the state of your Elasticsearch cluster (elasticsearch).
	at org.lastaflute.di.core.assembler.AbstractMethodAssembler.invoke(AbstractMethodAssembler.java:61)
	at org.lastaflute.di.core.assembler.DefaultInitMethodAssembler.assemble(DefaultInitMethodAssembler.java:40)
	at org.lastaflute.di.core.deployer.SingletonComponentDeployer.assemble(SingletonComponentDeployer.java:57)
	at org.lastaflute.di.core.deployer.SingletonComponentDeployer.deploy(SingletonComponentDeployer.java:41)
	at org.lastaflute.di.core.deployer.SingletonComponentDeployer.init(SingletonComponentDeployer.java:35)
	at org.lastaflute.di.core.meta.impl.ComponentDefImpl.init(ComponentDefImpl.java:85)
	at org.lastaflute.di.core.meta.impl.LaContainerImpl.doInit(LaContainerImpl.java:434)
	at org.lastaflute.di.core.meta.impl.LaContainerImpl.init(LaContainerImpl.java:413)
	... 23 more
Caused by: org.lastaflute.di.exception.ContainerInitFailureException: Elasticsearch (elasticsearch:9300) is not available. Check the state of your Elasticsearch cluster (elasticsearch).
	at org.codelibs.fess.es.client.FessEsClient.waitForYellowStatus(FessEsClient.java:623)
	at org.codelibs.fess.es.client.FessEsClient.open(FessEsClient.java:293)
	at sun.reflect.NativeMethodAccessorImpl.invoke0(Native Method)
	at sun.reflect.NativeMethodAccessorImpl.invoke(NativeMethodAccessorImpl.java:62)
	at sun.reflect.DelegatingMethodAccessorImpl.invoke(DelegatingMethodAccessorImpl.java:43)
	at java.lang.reflect.Method.invoke(Method.java:498)
	at org.lastaflute.di.util.LdiMethodUtil.invoke(LdiMethodUtil.java:49)
	at org.lastaflute.di.core.assembler.AbstractMethodAssembler.invoke(AbstractMethodAssembler.java:59)
	... 30 more
Caused by: NoNodeAvailableException[None of the configured nodes are available: [{#transport#-1}{EeEpLKWoQbqpARUn_F4TmA}{elasticsearch}{172.18.0.2:9300}]]
	at org.elasticsearch.client.transport.TransportClientNodesService.ensureNodesAreAvailable(TransportClientNodesService.java:347)
	at org.elasticsearch.client.transport.TransportClientNodesService.execute(TransportClientNodesService.java:245)
	at org.elasticsearch.client.transport.TransportProxyClient.execute(TransportProxyClient.java:60)
	at org.elasticsearch.client.transport.TransportClient.doExecute(TransportClient.java:371)
	at org.elasticsearch.client.support.AbstractClient.execute(AbstractClient.java:405)
	at org.elasticsearch.client.support.AbstractClient.execute(AbstractClient.java:394)
	at org.elasticsearch.client.support.AbstractClient$ClusterAdmin.execute(AbstractClient.java:706)
	at org.elasticsearch.action.ActionRequestBuilder.execute(ActionRequestBuilder.java:46)
	at org.codelibs.fess.es.client.FessEsClient.waitForYellowStatus(FessEsClient.java:601)
	... 37 more

May 21, 2018 7:53:37 PM org.apache.catalina.core.StandardContext startInternal
SEVERE: One or more Filters failed to start. Full details will be found in the appropriate container log file
May 21, 2018 7:53:37 PM org.apache.catalina.core.StandardContext startInternal
SEVERE: Context [] startup failed due to previous errors
May 21, 2018 7:53:37 PM org.apache.catalina.loader.WebappClassLoaderBase clearReferencesThreads
WARNING: The web application [ROOT] appears to have started a thread named [elasticsearch[_client_][[timer]]] but has failed to stop it. This is very likely to create a memory leak. Stack trace of thread:
 java.lang.Thread.sleep(Native Method)
 org.elasticsearch.threadpool.ThreadPool$CachedTimeThread.run(ThreadPool.java:541)
May 21, 2018 7:53:37 PM org.apache.catalina.loader.WebappClassLoaderBase clearReferencesThreads
WARNING: The web application [ROOT] appears to have started a thread named [elasticsearch[_client_][scheduler][T#1]] but has failed to stop it. This is very likely to create a memory leak. Stack trace of thread:
 sun.misc.Unsafe.park(Native Method)
 java.util.concurrent.locks.LockSupport.parkNanos(LockSupport.java:215)
 java.util.concurrent.locks.AbstractQueuedSynchronizer$ConditionObject.awaitNanos(AbstractQueuedSynchronizer.java:2078)
 java.util.concurrent.ScheduledThreadPoolExecutor$DelayedWorkQueue.take(ScheduledThreadPoolExecutor.java:1093)
 java.util.concurrent.ScheduledThreadPoolExecutor$DelayedWorkQueue.take(ScheduledThreadPoolExecutor.java:809)
 java.util.concurrent.ThreadPoolExecutor.getTask(ThreadPoolExecutor.java:1074)
 java.util.concurrent.ThreadPoolExecutor.runWorker(ThreadPoolExecutor.java:1134)
 java.util.concurrent.ThreadPoolExecutor$Worker.run(ThreadPoolExecutor.java:624)
 java.lang.Thread.run(Thread.java:748)
May 21, 2018 7:53:37 PM org.apache.catalina.loader.WebappClassLoaderBase clearReferencesThreads
WARNING: The web application [ROOT] appears to have started a thread named [elasticsearch[_client_][transport_client_boss][T#1]] but has failed to stop it. This is very likely to create a memory leak. Stack trace of thread:
 sun.nio.ch.EPollArrayWrapper.epollWait(Native Method)
 sun.nio.ch.EPollArrayWrapper.poll(EPollArrayWrapper.java:269)
 sun.nio.ch.EPollSelectorImpl.doSelect(EPollSelectorImpl.java:93)
 sun.nio.ch.SelectorImpl.lockAndDoSelect(SelectorImpl.java:86)
 sun.nio.ch.SelectorImpl.select(SelectorImpl.java:97)
 io.netty.channel.nio.NioEventLoop.select(NioEventLoop.java:753)
 io.netty.channel.nio.NioEventLoop.run(NioEventLoop.java:409)
 io.netty.util.concurrent.SingleThreadEventExecutor$5.run(SingleThreadEventExecutor.java:858)
 java.lang.Thread.run(Thread.java:748)
May 21, 2018 7:53:37 PM org.apache.catalina.loader.WebappClassLoaderBase clearReferencesThreads
WARNING: The web application [ROOT] appears to have started a thread named [elasticsearch[_client_][generic][T#1]] but has failed to stop it. This is very likely to create a memory leak. Stack trace of thread:
 sun.misc.Unsafe.park(Native Method)
 java.util.concurrent.locks.LockSupport.park(LockSupport.java:175)
 java.util.concurrent.LinkedTransferQueue.awaitMatch(LinkedTransferQueue.java:737)
 java.util.concurrent.LinkedTransferQueue.xfer(LinkedTransferQueue.java:647)
 java.util.concurrent.LinkedTransferQueue.take(LinkedTransferQueue.java:1269)
 java.util.concurrent.ThreadPoolExecutor.getTask(ThreadPoolExecutor.java:1074)
 java.util.concurrent.ThreadPoolExecutor.runWorker(ThreadPoolExecutor.java:1134)
 java.util.concurrent.ThreadPoolExecutor$Worker.run(ThreadPoolExecutor.java:624)
 java.lang.Thread.run(Thread.java:748)
May 21, 2018 7:53:37 PM org.apache.catalina.loader.WebappClassLoaderBase clearReferencesThreads
WARNING: The web application [ROOT] appears to have started a thread named [elasticsearch[_client_][transport_client_boss][T#2]] but has failed to stop it. This is very likely to create a memory leak. Stack trace of thread:
 sun.nio.ch.EPollArrayWrapper.epollWait(Native Method)
 sun.nio.ch.EPollArrayWrapper.poll(EPollArrayWrapper.java:269)
 sun.nio.ch.EPollSelectorImpl.doSelect(EPollSelectorImpl.java:93)
 sun.nio.ch.SelectorImpl.lockAndDoSelect(SelectorImpl.java:86)
 sun.nio.ch.SelectorImpl.select(SelectorImpl.java:97)
 io.netty.channel.nio.NioEventLoop.select(NioEventLoop.java:753)
 io.netty.channel.nio.NioEventLoop.run(NioEventLoop.java:409)
 io.netty.util.concurrent.SingleThreadEventExecutor$5.run(SingleThreadEventExecutor.java:858)
 java.lang.Thread.run(Thread.java:748)
May 21, 2018 7:53:37 PM org.apache.catalina.loader.WebappClassLoaderBase clearReferencesThreads
WARNING: The web application [ROOT] appears to have started a thread named [threadDeathWatcher-2-1] but has failed to stop it. This is very likely to create a memory leak. Stack trace of thread:
 java.lang.Thread.sleep(Native Method)
 io.netty.util.ThreadDeathWatcher$Watcher.run(ThreadDeathWatcher.java:152)
 io.netty.util.concurrent.DefaultThreadFactory$DefaultRunnableDecorator.run(DefaultThreadFactory.java:138)
 java.lang.Thread.run(Thread.java:748)
May 21, 2018 7:53:37 PM org.apache.catalina.loader.WebappClassLoaderBase clearReferencesThreads
WARNING: The web application [ROOT] appears to have started a thread named [elasticsearch[_client_][generic][T#2]] but has failed to stop it. This is very likely to create a memory leak. Stack trace of thread:
 sun.misc.Unsafe.park(Native Method)
 java.util.concurrent.locks.LockSupport.park(LockSupport.java:175)
 java.util.concurrent.LinkedTransferQueue.awaitMatch(LinkedTransferQueue.java:737)
 java.util.concurrent.LinkedTransferQueue.xfer(LinkedTransferQueue.java:647)
 java.util.concurrent.LinkedTransferQueue.take(LinkedTransferQueue.java:1269)
 java.util.concurrent.ThreadPoolExecutor.getTask(ThreadPoolExecutor.java:1074)
 java.util.concurrent.ThreadPoolExecutor.runWorker(ThreadPoolExecutor.java:1134)
 java.util.concurrent.ThreadPoolExecutor$Worker.run(ThreadPoolExecutor.java:624)
 java.lang.Thread.run(Thread.java:748)
May 21, 2018 7:53:37 PM org.apache.catalina.loader.WebappClassLoaderBase clearReferencesThreads
WARNING: The web application [ROOT] appears to have started a thread named [elasticsearch[_client_][generic][T#3]] but has failed to stop it. This is very likely to create a memory leak. Stack trace of thread:
 sun.misc.Unsafe.park(Native Method)
 java.util.concurrent.locks.LockSupport.park(LockSupport.java:175)
 java.util.concurrent.LinkedTransferQueue.awaitMatch(LinkedTransferQueue.java:737)
 java.util.concurrent.LinkedTransferQueue.xfer(LinkedTransferQueue.java:647)
 java.util.concurrent.LinkedTransferQueue.take(LinkedTransferQueue.java:1269)
 java.util.concurrent.ThreadPoolExecutor.getTask(ThreadPoolExecutor.java:1074)
 java.util.concurrent.ThreadPoolExecutor.runWorker(ThreadPoolExecutor.java:1134)
 java.util.concurrent.ThreadPoolExecutor$Worker.run(ThreadPoolExecutor.java:624)
 java.lang.Thread.run(Thread.java:748)
May 21, 2018 7:53:37 PM org.apache.catalina.loader.WebappClassLoaderBase clearReferencesThreads
WARNING: The web application [ROOT] appears to have started a thread named [elasticsearch[_client_][generic][T#4]] but has failed to stop it. This is very likely to create a memory leak. Stack trace of thread:
 sun.misc.Unsafe.park(Native Method)
 java.util.concurrent.locks.LockSupport.park(LockSupport.java:175)
 java.util.concurrent.LinkedTransferQueue.awaitMatch(LinkedTransferQueue.java:737)
 java.util.concurrent.LinkedTransferQueue.xfer(LinkedTransferQueue.java:647)
 java.util.concurrent.LinkedTransferQueue.take(LinkedTransferQueue.java:1269)
 java.util.concurrent.ThreadPoolExecutor.getTask(ThreadPoolExecutor.java:1074)
 java.util.concurrent.ThreadPoolExecutor.runWorker(ThreadPoolExecutor.java:1134)
 java.util.concurrent.ThreadPoolExecutor$Worker.run(ThreadPoolExecutor.java:624)
 java.lang.Thread.run(Thread.java:748)
May 21, 2018 7:53:37 PM org.apache.catalina.loader.WebappClassLoaderBase clearReferencesThreads
WARNING: The web application [ROOT] appears to have started a thread named [elasticsearch[_client_][transport_client_boss][T#3]] but has failed to stop it. This is very likely to create a memory leak. Stack trace of thread:
 sun.nio.ch.EPollArrayWrapper.epollWait(Native Method)
 sun.nio.ch.EPollArrayWrapper.poll(EPollArrayWrapper.java:269)
 sun.nio.ch.EPollSelectorImpl.doSelect(EPollSelectorImpl.java:93)
 sun.nio.ch.SelectorImpl.lockAndDoSelect(SelectorImpl.java:86)
 sun.nio.ch.SelectorImpl.select(SelectorImpl.java:97)
 io.netty.channel.nio.NioEventLoop.select(NioEventLoop.java:753)
 io.netty.channel.nio.NioEventLoop.run(NioEventLoop.java:409)
 io.netty.util.concurrent.SingleThreadEventExecutor$5.run(SingleThreadEventExecutor.java:858)
 java.lang.Thread.run(Thread.java:748)
May 21, 2018 7:53:37 PM org.apache.catalina.loader.WebappClassLoaderBase clearReferencesThreads
WARNING: The web application [ROOT] appears to have started a thread named [elasticsearch[_client_][transport_client_boss][T#4]] but has failed to stop it. This is very likely to create a memory leak. Stack trace of thread:
 sun.nio.ch.EPollArrayWrapper.epollWait(Native Method)
 sun.nio.ch.EPollArrayWrapper.poll(EPollArrayWrapper.java:269)
 sun.nio.ch.EPollSelectorImpl.doSelect(EPollSelectorImpl.java:93)
 sun.nio.ch.SelectorImpl.lockAndDoSelect(SelectorImpl.java:86)
 sun.nio.ch.SelectorImpl.select(SelectorImpl.java:97)
 io.netty.channel.nio.NioEventLoop.select(NioEventLoop.java:753)
 io.netty.channel.nio.NioEventLoop.run(NioEventLoop.java:409)
 io.netty.util.concurrent.SingleThreadEventExecutor$5.run(SingleThreadEventExecutor.java:858)
 java.lang.Thread.run(Thread.java:748)
May 21, 2018 7:53:37 PM org.apache.catalina.loader.WebappClassLoaderBase clearReferencesThreads
WARNING: The web application [ROOT] appears to have started a thread named [elasticsearch[_client_][transport_client_boss][T#5]] but has failed to stop it. This is very likely to create a memory leak. Stack trace of thread:
 sun.nio.ch.EPollArrayWrapper.epollWait(Native Method)
 sun.nio.ch.EPollArrayWrapper.poll(EPollArrayWrapper.java:269)
 sun.nio.ch.EPollSelectorImpl.doSelect(EPollSelectorImpl.java:93)
 sun.nio.ch.SelectorImpl.lockAndDoSelect(SelectorImpl.java:86)
 sun.nio.ch.SelectorImpl.select(SelectorImpl.java:97)
 io.netty.channel.nio.NioEventLoop.select(NioEventLoop.java:753)
 io.netty.channel.nio.NioEventLoop.run(NioEventLoop.java:409)
 io.netty.util.concurrent.SingleThreadEventExecutor$5.run(SingleThreadEventExecutor.java:858)
 java.lang.Thread.run(Thread.java:748)
May 21, 2018 7:53:37 PM org.apache.catalina.loader.WebappClassLoaderBase clearReferencesThreads
WARNING: The web application [ROOT] appears to have started a thread named [elasticsearch[_client_][transport_client_boss][T#6]] but has failed to stop it. This is very likely to create a memory leak. Stack trace of thread:
 sun.nio.ch.EPollArrayWrapper.epollWait(Native Method)
 sun.nio.ch.EPollArrayWrapper.poll(EPollArrayWrapper.java:269)
 sun.nio.ch.EPollSelectorImpl.doSelect(EPollSelectorImpl.java:93)
 sun.nio.ch.SelectorImpl.lockAndDoSelect(SelectorImpl.java:86)
 sun.nio.ch.SelectorImpl.select(SelectorImpl.java:97)
 io.netty.channel.nio.NioEventLoop.select(NioEventLoop.java:753)
 io.netty.channel.nio.NioEventLoop.run(NioEventLoop.java:409)
 io.netty.util.concurrent.SingleThreadEventExecutor$5.run(SingleThreadEventExecutor.java:858)
 java.lang.Thread.run(Thread.java:748)
May 21, 2018 7:53:37 PM org.apache.catalina.loader.WebappClassLoaderBase clearReferencesThreads
WARNING: The web application [ROOT] appears to have started a thread named [elasticsearch[_client_][transport_client_boss][T#7]] but has failed to stop it. This is very likely to create a memory leak. Stack trace of thread:
 sun.nio.ch.EPollArrayWrapper.epollWait(Native Method)
 sun.nio.ch.EPollArrayWrapper.poll(EPollArrayWrapper.java:269)
 sun.nio.ch.EPollSelectorImpl.doSelect(EPollSelectorImpl.java:93)
 sun.nio.ch.SelectorImpl.lockAndDoSelect(SelectorImpl.java:86)
 sun.nio.ch.SelectorImpl.select(SelectorImpl.java:97)
 io.netty.channel.nio.NioEventLoop.select(NioEventLoop.java:753)
 io.netty.channel.nio.NioEventLoop.run(NioEventLoop.java:409)
 io.netty.util.concurrent.SingleThreadEventExecutor$5.run(SingleThreadEventExecutor.java:858)
 java.lang.Thread.run(Thread.java:748)
May 21, 2018 7:53:37 PM org.apache.catalina.loader.WebappClassLoaderBase clearReferencesThreads
WARNING: The web application [ROOT] appears to have started a thread named [elasticsearch[_client_][transport_client_boss][T#8]] but has failed to stop it. This is very likely to create a memory leak. Stack trace of thread:
 sun.nio.ch.EPollArrayWrapper.epollWait(Native Method)
 sun.nio.ch.EPollArrayWrapper.poll(EPollArrayWrapper.java:269)
 sun.nio.ch.EPollSelectorImpl.doSelect(EPollSelectorImpl.java:93)
 sun.nio.ch.SelectorImpl.lockAndDoSelect(SelectorImpl.java:86)
 sun.nio.ch.SelectorImpl.select(SelectorImpl.java:97)
 io.netty.channel.nio.NioEventLoop.select(NioEventLoop.java:753)
 io.netty.channel.nio.NioEventLoop.run(NioEventLoop.java:409)
 io.netty.util.concurrent.SingleThreadEventExecutor$5.run(SingleThreadEventExecutor.java:858)
 java.lang.Thread.run(Thread.java:748)
May 21, 2018 7:53:37 PM org.apache.catalina.loader.WebappClassLoaderBase checkThreadLocalMapForLeaks
SEVERE: The web application [ROOT] created a ThreadLocal with key of type [java.lang.ThreadLocal] (value [java.lang.ThreadLocal@52765a85]) and a value of type [io.netty.util.internal.InternalThreadLocalMap] (value [io.netty.util.internal.InternalThreadLocalMap@1b348adc]) but failed to remove it when the web application was stopped. Threads are going to be renewed over time to try and avoid a probable memory leak.
May 21, 2018 7:53:37 PM org.apache.catalina.loader.WebappClassLoaderBase checkThreadLocalMapForLeaks
SEVERE: The web application [ROOT] created a ThreadLocal with key of type [org.apache.logging.log4j.core.script.ScriptManager$ThreadLocalScriptRunner$1] (value [org.apache.logging.log4j.core.script.ScriptManager$ThreadLocalScriptRunner$1@6ecf4c5a]) and a value of type [org.apache.logging.log4j.core.script.ScriptManager.MainScriptRunner] (value [org.apache.logging.log4j.core.script.ScriptManager$MainScriptRunner@125cdc2d]) but failed to remove it when the web application was stopped. Threads are going to be renewed over time to try and avoid a probable memory leak.
May 21, 2018 7:53:37 PM org.apache.catalina.loader.WebappClassLoaderBase checkThreadLocalMapForLeaks
SEVERE: The web application [ROOT] created a ThreadLocal with key of type [java.lang.ThreadLocal] (value [java.lang.ThreadLocal@52765a85]) and a value of type [io.netty.util.internal.InternalThreadLocalMap] (value [io.netty.util.internal.InternalThreadLocalMap@721e1e91]) but failed to remove it when the web application was stopped. Threads are going to be renewed over time to try and avoid a probable memory leak.
May 21, 2018 7:53:37 PM org.apache.catalina.loader.WebappClassLoaderBase checkThreadLocalMapForLeaks
SEVERE: The web application [ROOT] created a ThreadLocal with key of type [java.lang.ThreadLocal] (value [java.lang.ThreadLocal@52765a85]) and a value of type [io.netty.util.internal.InternalThreadLocalMap] (value [io.netty.util.internal.InternalThreadLocalMap@4dc31864]) but failed to remove it when the web application was stopped. Threads are going to be renewed over time to try and avoid a probable memory leak.
May 21, 2018 7:53:37 PM org.apache.catalina.loader.WebappClassLoaderBase checkThreadLocalMapForLeaks
SEVERE: The web application [ROOT] created a ThreadLocal with key of type [java.lang.ThreadLocal] (value [java.lang.ThreadLocal@52765a85]) and a value of type [io.netty.util.internal.InternalThreadLocalMap] (value [io.netty.util.internal.InternalThreadLocalMap@59fa301a]) but failed to remove it when the web application was stopped. Threads are going to be renewed over time to try and avoid a probable memory leak.
May 21, 2018 7:53:37 PM org.apache.catalina.loader.WebappClassLoaderBase checkThreadLocalMapForLeaks
SEVERE: The web application [ROOT] created a ThreadLocal with key of type [java.lang.ThreadLocal] (value [java.lang.ThreadLocal@52765a85]) and a value of type [io.netty.util.internal.InternalThreadLocalMap] (value [io.netty.util.internal.InternalThreadLocalMap@2d3332bc]) but failed to remove it when the web application was stopped. Threads are going to be renewed over time to try and avoid a probable memory leak.
May 21, 2018 7:53:37 PM org.apache.catalina.loader.WebappClassLoaderBase checkThreadLocalMapForLeaks
SEVERE: The web application [ROOT] created a ThreadLocal with key of type [java.lang.ThreadLocal] (value [java.lang.ThreadLocal@52765a85]) and a value of type [io.netty.util.internal.InternalThreadLocalMap] (value [io.netty.util.internal.InternalThreadLocalMap@2f5b4b1d]) but failed to remove it when the web application was stopped. Threads are going to be renewed over time to try and avoid a probable memory leak.
May 21, 2018 7:53:37 PM org.apache.catalina.loader.WebappClassLoaderBase checkThreadLocalMapForLeaks
SEVERE: The web application [ROOT] created a ThreadLocal with key of type [java.lang.ThreadLocal] (value [java.lang.ThreadLocal@52765a85]) and a value of type [io.netty.util.internal.InternalThreadLocalMap] (value [io.netty.util.internal.InternalThreadLocalMap@7a8e66aa]) but failed to remove it when the web application was stopped. Threads are going to be renewed over time to try and avoid a probable memory leak.
May 21, 2018 7:53:37 PM org.apache.catalina.loader.WebappClassLoaderBase checkThreadLocalMapForLeaks
SEVERE: The web application [ROOT] created a ThreadLocal with key of type [java.lang.ThreadLocal] (value [java.lang.ThreadLocal@52765a85]) and a value of type [io.netty.util.internal.InternalThreadLocalMap] (value [io.netty.util.internal.InternalThreadLocalMap@727cf301]) but failed to remove it when the web application was stopped. Threads are going to be renewed over time to try and avoid a probable memory leak.
May 21, 2018 7:53:37 PM org.apache.catalina.loader.WebappClassLoaderBase checkThreadLocalMapForLeaks
SEVERE: The web application [ROOT] created a ThreadLocal with key of type [java.lang.ThreadLocal] (value [java.lang.ThreadLocal@52765a85]) and a value of type [io.netty.util.internal.InternalThreadLocalMap] (value [io.netty.util.internal.InternalThreadLocalMap@466e9920]) but failed to remove it when the web application was stopped. Threads are going to be renewed over time to try and avoid a probable memory leak.
May 21, 2018 7:53:37 PM org.apache.catalina.loader.WebappClassLoaderBase checkThreadLocalMapForLeaks
SEVERE: The web application [ROOT] created a ThreadLocal with key of type [java.lang.ThreadLocal] (value [java.lang.ThreadLocal@52765a85]) and a value of type [io.netty.util.internal.InternalThreadLocalMap] (value [io.netty.util.internal.InternalThreadLocalMap@33183153]) but failed to remove it when the web application was stopped. Threads are going to be renewed over time to try and avoid a probable memory leak.
May 21, 2018 7:53:37 PM org.apache.catalina.loader.WebappClassLoaderBase checkThreadLocalMapForLeaks
SEVERE: The web application [ROOT] created a ThreadLocal with key of type [java.lang.ThreadLocal] (value [java.lang.ThreadLocal@52765a85]) and a value of type [io.netty.util.internal.InternalThreadLocalMap] (value [io.netty.util.internal.InternalThreadLocalMap@2f5ba203]) but failed to remove it when the web application was stopped. Threads are going to be renewed over time to try and avoid a probable memory leak.
May 21, 2018 7:53:37 PM org.apache.coyote.AbstractProtocol start
INFO: Starting ProtocolHandler ["http-nio-8080"]
May 21, 2018 7:53:37 PM org.dbflute.tomcat.logging.BootLogger info
INFO: Boot successful: url -> http://localhost:8080
